Log file open, 10/23/20 13:04:39
LogInit: Display: Running engine for game: FruitNinjaVR
LogPlatformFile: Not using cached read wrapper
LogTaskGraph: Started task graph with 5 named threads and 35 total threads with 3 sets of task threads.
LogStats: Stats thread started at 0.157768
LogD3D11RHI: Loaded GFSDK_Aftermath_Lib.x64.dll
LogICUInternationalization: ICU TimeZone Detection - Raw Offset: -8:00, Platform Override: ''
LogPluginManager: Mounting plugin Paper2D
LogPluginManager: Mounting plugin AISupport
LogPluginManager: Mounting plugin LightPropagationVolume
LogPluginManager: Mounting plugin CameraShakePreviewer
LogPluginManager: Mounting plugin ActorLayerUtilities
LogPluginManager: Mounting plugin AnimationSharing
LogPluginManager: Mounting plugin CLionSourceCodeAccess
LogPluginManager: Mounting plugin CodeLiteSourceCodeAccess
LogPluginManager: Mounting plugin GitSourceControl
LogPluginManager: Mounting plugin KDevelopSourceCodeAccess
LogPluginManager: Mounting plugin NullSourceCodeAccess
LogPluginManager: Mounting plugin PerforceSourceControl
LogPluginManager: Mounting plugin PlasticSourceControl
LogPluginManager: Mounting plugin RiderSourceCodeAccess
LogPluginManager: Mounting plugin SubversionSourceControl
LogPluginManager: Mounting plugin UObjectPlugin
LogPluginManager: Mounting plugin VisualStudioCodeSourceCodeAccess
LogPluginManager: Mounting plugin VisualStudioSourceCodeAccess
LogPluginManager: Mounting plugin XCodeSourceCodeAccess
LogPluginManager: Mounting plugin AssetManagerEditor
LogPluginManager: Mounting plugin CryptoKeys
LogPluginManager: Mounting plugin CurveEditorTools
LogPluginManager: Mounting plugin DataValidation
LogPluginManager: Mounting plugin EditorScriptingUtilities
LogPluginManager: Mounting plugin FacialAnimation
LogPluginManager: Mounting plugin GameplayTagsEditor
LogPluginManager: Mounting plugin GeometryMode
LogPluginManager: Mounting plugin MacGraphicsSwitching
LogPluginManager: Mounting plugin MaterialAnalyzer
LogPluginManager: Mounting plugin MobileLauncherProfileWizard
LogPluginManager: Mounting plugin PluginBrowser
LogPluginManager: Mounting plugin SpeedTreeImporter
LogPluginManager: Mounting plugin DatasmithContent
LogPluginManager: Mounting plugin VariantManagerContent
LogPluginManager: Mounting plugin AlembicImporter
LogPluginManager: Mounting plugin AutomationUtils
LogPluginManager: Mounting plugin BackChannel
LogPluginManager: Mounting plugin ChaosCloth
LogPluginManager: Mounting plugin ChaosClothEditor
LogPluginManager: Mounting plugin ChaosEditor
LogPluginManager: Mounting plugin ChaosNiagara
LogPluginManager: Mounting plugin ChaosSolverPlugin
LogPluginManager: Mounting plugin CharacterAI
LogPluginManager: Mounting plugin GeometryCache
LogPluginManager: Mounting plugin GeometryCollectionPlugin
LogPluginManager: Mounting plugin GeometryProcessing
LogPluginManager: Mounting plugin PlanarCut
LogPluginManager: Mounting plugin PlatformCrypto
LogPluginManager: Mounting plugin ProxyLODPlugin
LogPluginManager: Mounting plugin SkeletalReduction
LogPluginManager: Mounting plugin Niagara
LogPluginManager: Mounting plugin MagicLeap
LogPluginManager: Mounting plugin MagicLeapLightEstimation
LogPluginManager: Mounting plugin MagicLeapMedia
LogPluginManager: Mounting plugin MagicLeapPassableWorld
LogPluginManager: Mounting plugin MLSDK
LogPluginManager: Mounting plugin AndroidMedia
LogPluginManager: Mounting plugin AvfMedia
LogPluginManager: Mounting plugin ImgMedia
LogPluginManager: Mounting plugin MediaCompositing
LogPluginManager: Mounting plugin MediaPlayerEditor
LogPluginManager: Mounting plugin WebMMedia
LogPluginManager: Mounting plugin WmfMedia
LogPluginManager: Mounting plugin MeshPainting
LogPluginManager: Mounting plugin TcpMessaging
LogPluginManager: Mounting plugin UdpMessaging
LogPluginManager: Mounting plugin ActorSequence
LogPluginManager: Mounting plugin LevelSequenceEditor
LogPluginManager: Mounting plugin MatineeToLevelSequence
LogPluginManager: Mounting plugin MovieRenderPipeline
LogPluginManager: Mounting plugin TemplateSequence
LogPluginManager: Mounting plugin NetcodeUnitTest
LogPluginManager: Mounting plugin NUTUnrealEngine4
LogPluginManager: Mounting plugin OnlineSubsystemGooglePlay
LogPluginManager: Mounting plugin OnlineSubsystemIOS
LogPluginManager: Mounting plugin OnlineSubsystem
LogPluginManager: Mounting plugin OnlineSubsystemNull
LogPluginManager: Mounting plugin OnlineSubsystemUtils
LogPluginManager: Mounting plugin LauncherChunkInstaller
LogPluginManager: Mounting plugin AndroidDeviceProfileSelector
LogPluginManager: Mounting plugin AndroidMoviePlayer
LogPluginManager: Mounting plugin AndroidPermission
LogPluginManager: Mounting plugin AppleImageUtils
LogPluginManager: Mounting plugin AppleMoviePlayer
LogPluginManager: Mounting plugin ArchVisCharacter
LogPluginManager: Mounting plugin AssetTags
LogPluginManager: Mounting plugin AudioCapture
LogPluginManager: Mounting plugin CableComponent
LogPluginManager: Mounting plugin CustomMeshComponent
LogPluginManager: Mounting plugin EditableMesh
LogPluginManager: Mounting plugin ExampleDeviceProfileSelector
LogPluginManager: Mounting plugin GoogleCloudMessaging
LogPluginManager: Mounting plugin GooglePAD
LogPluginManager: Mounting plugin IOSDeviceProfileSelector
LogPluginManager: Mounting plugin LinuxDeviceProfileSelector
LogPluginManager: Mounting plugin LocationServicesBPLibrary
LogPluginManager: Mounting plugin MobilePatchingUtils
LogPluginManager: Mounting plugin OculusVR
LogPluginManager: Mounting plugin PhysXVehicles
LogPluginManager: Mounting plugin PostSplashScreen
LogPluginManager: Mounting plugin ProceduralMeshComponent
LogPluginManager: Mounting plugin RuntimePhysXCooking
LogPluginManager: Mounting plugin SignificanceManager
LogPluginManager: Mounting plugin SoundFields
LogPluginManager: Mounting plugin SteamVR
LogPluginManager: Mounting plugin Synthesis
LogPluginManager: Mounting plugin WebMMoviePlayer
LogPluginManager: Mounting plugin WindowsMoviePlayer
LogPluginManager: Mounting plugin ScreenshotTools
LogInit: Using libcurl 7.55.1-DEV
LogInit:  - built for x86_64-pc-win32
LogInit:  - supports SSL with OpenSSL/1.1.1
LogInit:  - supports HTTP deflate (compression) using libz 1.2.8
LogInit:  - other features:
LogInit:      CURL_VERSION_SSL
LogInit:      CURL_VERSION_LIBZ
LogInit:      CURL_VERSION_IPV6
LogInit:      CURL_VERSION_ASYNCHDNS
LogInit:      CURL_VERSION_LARGEFILE
LogInit:      CURL_VERSION_IDN
LogInit:  CurlRequestOptions (configurable via config and command line):
LogInit:  - bVerifyPeer = true  - Libcurl will verify peer certificate
LogInit:  - bUseHttpProxy = false  - Libcurl will NOT use HTTP proxy
LogInit:  - bDontReuseConnections = false  - Libcurl will reuse connections
LogInit:  - MaxHostConnections = 16  - Libcurl will limit the number of connections to a host
LogInit:  - LocalHostAddr = Default
LogInit:  - BufferSize = 65536
LogOnline: OSS: Creating online subsystem instance for: NULL
LogInit: WinSock: version 1.1 (2.2), MaxSocks=32767, MaxUdp=65467
LogOnline: OSS: TryLoadSubsystemAndSetDefault: Loaded subsystem for module [NULL]
LogOculusPluginWrapper: OculusPlugin initialized successfully
LogInit: Build: ++UE4+Release-4.25-CL-14469661
LogInit: Engine Version: 4.25.4-14469661+++UE4+Release-4.25
LogInit: Compatible Engine Version: 4.25.0-13144385+++UE4+Release-4.25
LogInit: Net CL: 13144385
LogInit: OS: Windows 10 (Release 1909) (), CPU: Intel(R) Core(TM) i7-8700K CPU @ 3.70GHz, GPU: NVIDIA GeForce GTX 1080
LogInit: Compiled (64-bit): Oct 11 2020 08:10:49
LogInit: Compiled with Visual C++: 19.24.28315.00
LogInit: Build Configuration: Development
LogInit: Branch Name: ++UE4+Release-4.25
LogInit: Command Line:  -EpicPortal -epicusername=Kingraju333 -epicuserid=261a2f825fda4e42a3b0c88433acf6db -epiclocale=en
LogInit: Base Directory: C:/Program Files/Epic Games/UE_4.25/Engine/Binaries/Win64/
LogInit: Allocator: TBB
LogInit: Installed Engine Build: 1
LogDevObjectVersion: Number of dev versions registered: 26
LogDevObjectVersion:   Dev-Blueprints (B0D832E4-1F89-4F0D-ACCF-7EB736FD4AA2): 10
LogDevObjectVersion:   Dev-Build (E1C64328-A22C-4D53-A36C-8E866417BD8C): 0
LogDevObjectVersion:   Dev-Core (375EC13C-06E4-48FB-B500-84F0262A717E): 4
LogDevObjectVersion:   Dev-Editor (E4B068ED-F494-42E9-A231-DA0B2E46BB41): 38
LogDevObjectVersion:   Dev-Framework (CFFC743F-43B0-4480-9391-14DF171D2073): 37
LogDevObjectVersion:   Dev-Mobile (B02B49B5-BB20-44E9-A304-32B752E40360): 2
LogDevObjectVersion:   Dev-Networking (A4E4105C-59A1-49B5-A7C5-40C4547EDFEE): 0
LogDevObjectVersion:   Dev-Online (39C831C9-5AE6-47DC-9A44-9C173E1C8E7C): 0
LogDevObjectVersion:   Dev-Physics (78F01B33-EBEA-4F98-B9B4-84EACCB95AA2): 4
LogDevObjectVersion:   Dev-Platform (6631380F-2D4D-43E0-8009-CF276956A95A): 0
LogDevObjectVersion:   Dev-Rendering (12F88B9F-8875-4AFC-A67C-D90C383ABD29): 43
LogDevObjectVersion:   Dev-Sequencer (7B5AE74C-D270-4C10-A958-57980B212A5A): 12
LogDevObjectVersion:   Dev-VR (D7296918-1DD6-4BDD-9DE2-64A83CC13884): 3
LogDevObjectVersion:   Dev-LoadTimes (C2A15278-BFE7-4AFE-6C17-90FF531DF755): 1
LogDevObjectVersion:   Private-Geometry (6EACA3D4-40EC-4CC1-B786-8BED09428FC5): 3
LogDevObjectVersion:   Dev-AnimPhys (29E575DD-E0A3-4627-9D10-D276232CDCEA): 17
LogDevObjectVersion:   Dev-Anim (AF43A65D-7FD3-4947-9873-3E8ED9C1BB05): 7
LogDevObjectVersion:   Dev-ReflectionCapture (6B266CEC-1EC7-4B8F-A30B-E4D90942FC07): 1
LogDevObjectVersion:   Dev-Automation (0DF73D61-A23F-47EA-B727-89E90C41499A): 1
LogDevObjectVersion:   FortniteMain (601D1886-AC64-4F84-AA16-D3DE0DEAC7D6): 31
LogDevObjectVersion:   Dev-Enterprise (9DFFBCD6-494F-0158-E221-12823C92A888): 10
LogDevObjectVersion:   Dev-Niagara (F2AED0AC-9AFE-416F-8664-AA7FFA26D6FC): 1
LogDevObjectVersion:   Dev-Destruction (174F1F0B-B4C6-45A5-B13F-2EE8D0FB917D): 10
LogDevObjectVersion:   Dev-Physics-Ext (35F94A83-E258-406C-A318-09F59610247C): 37
LogDevObjectVersion:   Dev-PhysicsMaterial-Chaos (B68FC16E-8B1B-42E2-B453-215C058844FE): 1
LogDevObjectVersion:   Dev-CineCamera (B2E18506-4273-CFC2-A54E-F4BB758BBA07): 1
LogInit: Presizing for max 25165824 objects, including 0 objects not considered by GC, pre-allocating 0 bytes for permanent pool.
LogConfig: Applying CVar settings from Section [/Script/Engine.StreamingSettings] File [D:/Developer/vr/FruitNinjaVR/Saved/Config/Windows/Engine.ini]
LogConfig: Setting CVar [[s.MinBulkDataSizeForAsyncLoading:131072]]
LogConfig: Setting CVar [[s.AsyncLoadingThreadEnabled:0]]
LogConfig: Setting CVar [[s.EventDrivenLoaderEnabled:1]]
LogConfig: Setting CVar [[s.WarnIfTimeLimitExceeded:0]]
LogConfig: Setting CVar [[s.TimeLimitExceededMultiplier:1.5]]
LogConfig: Setting CVar [[s.TimeLimitExceededMinTime:0.005]]
LogConfig: Setting CVar [[s.UseBackgroundLevelStreaming:1]]
LogConfig: Setting CVar [[s.PriorityAsyncLoadingExtraTime:15.0]]
LogConfig: Setting CVar [[s.LevelStreamingActorsUpdateTimeLimit:5.0]]
LogConfig: Setting CVar [[s.PriorityLevelStreamingActorsUpdateExtraTime:5.0]]
LogConfig: Setting CVar [[s.LevelStreamingComponentsRegistrationGranularity:10]]
LogConfig: Setting CVar [[s.UnregisterComponentsTimeLimit:1.0]]
LogConfig: Setting CVar [[s.LevelStreamingComponentsUnregistrationGranularity:5]]
LogConfig: Setting CVar [[s.FlushStreamingOnExit:1]]
LogInit: Object subsystem initialized
LogConfig: Setting CVar [[con.DebugEarlyDefault:1]]
LogConfig: Setting CVar [[r.setres:1280x720]]
[2020.10.23-20.04.40:077][  0]LogConfig: Setting CVar [[r.VSync:0]]
[2020.10.23-20.04.40:077][  0]LogConfig: Setting CVar [[r.RHICmdBypass:0]]
[2020.10.23-20.04.40:077][  0]LogConfig: Applying CVar settings from Section [/Script/Engine.RendererSettings] File [D:/Developer/vr/FruitNinjaVR/Saved/Config/Windows/Engine.ini]
[2020.10.23-20.04.40:077][  0]LogConfig: Setting CVar [[r.GPUCrashDebugging:0]]
[2020.10.23-20.04.40:077][  0]LogConfig: Setting CVar [[r.DefaultFeature.AmbientOcclusion:0]]
[2020.10.23-20.04.40:077][  0]LogConfig: Setting CVar [[r.DefaultFeature.AmbientOcclusionStaticFraction:0]]
[2020.10.23-20.04.40:077][  0]LogConfig: Setting CVar [[vr.InstancedStereo:1]]
[2020.10.23-20.04.40:077][  0]LogConfig: Setting CVar [[r.SeparateTranslucency:0]]
[2020.10.23-20.04.40:077][  0]LogConfig: Setting CVar [[r.HZBOcclusion:0]]
[2020.10.23-20.04.40:077][  0]LogConfig: Setting CVar [[r.SSR.MaxRoughness:0]]
[2020.10.23-20.04.40:077][  0]LogConfig: Setting CVar [[r.rhicmdbypass:0]]
[2020.10.23-20.04.40:077][  0]LogConfig: Applying CVar settings from Section [/Script/Engine.RendererOverrideSettings] File [D:/Developer/vr/FruitNinjaVR/Saved/Config/Windows/Engine.ini]
[2020.10.23-20.04.40:077][  0]LogConfig: Applying CVar settings from Section [/Script/Engine.StreamingSettings] File [D:/Developer/vr/FruitNinjaVR/Saved/Config/Windows/Engine.ini]
[2020.10.23-20.04.40:077][  0]LogConfig: Setting CVar [[s.MinBulkDataSizeForAsyncLoading:131072]]
[2020.10.23-20.04.40:077][  0]LogConfig: Setting CVar [[s.AsyncLoadingThreadEnabled:0]]
[2020.10.23-20.04.40:077][  0]LogConfig: Setting CVar [[s.EventDrivenLoaderEnabled:1]]
[2020.10.23-20.04.40:077][  0]LogConfig: Setting CVar [[s.WarnIfTimeLimitExceeded:0]]
[2020.10.23-20.04.40:077][  0]LogConfig: Setting CVar [[s.TimeLimitExceededMultiplier:1.5]]
[2020.10.23-20.04.40:077][  0]LogConfig: Setting CVar [[s.TimeLimitExceededMinTime:0.005]]
[2020.10.23-20.04.40:077][  0]LogConfig: Setting CVar [[s.UseBackgroundLevelStreaming:1]]
[2020.10.23-20.04.40:077][  0]LogConfig: Setting CVar [[s.PriorityAsyncLoadingExtraTime:15.0]]
[2020.10.23-20.04.40:077][  0]LogConfig: Setting CVar [[s.LevelStreamingActorsUpdateTimeLimit:5.0]]
[2020.10.23-20.04.40:077][  0]LogConfig: Setting CVar [[s.PriorityLevelStreamingActorsUpdateExtraTime:5.0]]
[2020.10.23-20.04.40:077][  0]LogConfig: Setting CVar [[s.LevelStreamingComponentsRegistrationGranularity:10]]
[2020.10.23-20.04.40:077][  0]LogConfig: Setting CVar [[s.UnregisterComponentsTimeLimit:1.0]]
[2020.10.23-20.04.40:077][  0]LogConfig: Setting CVar [[s.LevelStreamingComponentsUnregistrationGranularity:5]]
[2020.10.23-20.04.40:077][  0]LogConfig: Setting CVar [[s.FlushStreamingOnExit:1]]
[2020.10.23-20.04.40:077][  0]LogConfig: Applying CVar settings from Section [/Script/Engine.GarbageCollectionSettings] File [D:/Developer/vr/FruitNinjaVR/Saved/Config/Windows/Engine.ini]
[2020.10.23-20.04.40:077][  0]LogConfig: Setting CVar [[gc.MaxObjectsNotConsideredByGC:1]]
[2020.10.23-20.04.40:077][  0]LogConfig: Setting CVar [[gc.SizeOfPermanentObjectPool:0]]
[2020.10.23-20.04.40:077][  0]LogConfig: Setting CVar [[gc.FlushStreamingOnGC:0]]
[2020.10.23-20.04.40:077][  0]LogConfig: Setting CVar [[gc.NumRetriesBeforeForcingGC:10]]
[2020.10.23-20.04.40:077][  0]LogConfig: Setting CVar [[gc.AllowParallelGC:1]]
[2020.10.23-20.04.40:077][  0]LogConfig: Setting CVar [[gc.TimeBetweenPurgingPendingKillObjects:61.1]]
[2020.10.23-20.04.40:077][  0]LogConfig: Setting CVar [[gc.MaxObjectsInEditor:25165824]]
[2020.10.23-20.04.40:077][  0]LogConfig: Setting CVar [[gc.IncrementalBeginDestroyEnabled:1]]
[2020.10.23-20.04.40:077][  0]LogConfig: Setting CVar [[gc.CreateGCClusters:1]]
[2020.10.23-20.04.40:077][  0]LogConfig: Setting CVar [[gc.MinGCClusterSize:5]]
[2020.10.23-20.04.40:077][  0]LogConfig: Setting CVar [[gc.ActorClusteringEnabled:0]]
[2020.10.23-20.04.40:077][  0]LogConfig: Setting CVar [[gc.BlueprintClusteringEnabled:0]]
[2020.10.23-20.04.40:077][  0]LogConfig: Setting CVar [[gc.UseDisregardForGCOnDedicatedServers:0]]
[2020.10.23-20.04.40:077][  0]LogConfig: Applying CVar settings from Section [/Script/Engine.NetworkSettings] File [D:/Developer/vr/FruitNinjaVR/Saved/Config/Windows/Engine.ini]
[2020.10.23-20.04.40:077][  0]LogConfig: Applying CVar settings from Section [/Script/UnrealEd.CookerSettings] File [D:/Developer/vr/FruitNinjaVR/Saved/Config/Windows/Engine.ini]
[2020.10.23-20.04.40:078][  0]LogConfig: Applying CVar settings from Section [ViewDistanceQuality@3] File [D:/Developer/vr/FruitNinjaVR/Saved/Config/Windows/Scalability.ini]
[2020.10.23-20.04.40:078][  0]LogConfig: Setting CVar [[r.SkeletalMeshLODBias:0]]
[2020.10.23-20.04.40:078][  0]LogConfig: Setting CVar [[r.ViewDistanceScale:1.0]]
[2020.10.23-20.04.40:078][  0]LogConfig: Applying CVar settings from Section [AntiAliasingQuality@3] File [D:/Developer/vr/FruitNinjaVR/Saved/Config/Windows/Scalability.ini]
[2020.10.23-20.04.40:078][  0]LogConfig: Setting CVar [[r.PostProcessAAQuality:3]]
[2020.10.23-20.04.40:078][  0]LogConfig: Applying CVar settings from Section [ShadowQuality@3] File [D:/Developer/vr/FruitNinjaVR/Saved/Config/Windows/Scalability.ini]
[2020.10.23-20.04.40:078][  0]LogConfig: Setting CVar [[r.LightFunctionQuality:1]]
[2020.10.23-20.04.40:078][  0]LogConfig: Setting CVar [[r.ShadowQuality:5]]
[2020.10.23-20.04.40:078][  0]LogConfig: Setting CVar [[r.Shadow.CSM.MaxCascades:10]]
[2020.10.23-20.04.40:078][  0]LogConfig: Setting CVar [[r.Shadow.MaxResolution:2048]]
[2020.10.23-20.04.40:078][  0]LogConfig: Setting CVar [[r.Shadow.MaxCSMResolution:2048]]
[2020.10.23-20.04.40:078][  0]LogConfig: Setting CVar [[r.Shadow.RadiusThreshold:0.01]]
[2020.10.23-20.04.40:078][  0]LogConfig: Setting CVar [[r.Shadow.DistanceScale:1.0]]
[2020.10.23-20.04.40:078][  0]LogConfig: Setting CVar [[r.Shadow.CSM.TransitionScale:1.0]]
[2020.10.23-20.04.40:078][  0]LogConfig: Setting CVar [[r.Shadow.PreShadowResolutionFactor:1.0]]
[2020.10.23-20.04.40:078][  0]LogConfig: Setting CVar [[r.DistanceFieldShadowing:1]]
[2020.10.23-20.04.40:078][  0]LogConfig: Setting CVar [[r.DistanceFieldAO:1]]
[2020.10.23-20.04.40:078][  0]LogConfig: Setting CVar [[r.AOQuality:2]]
[2020.10.23-20.04.40:078][  0]LogConfig: Setting CVar [[r.VolumetricFog:1]]
[2020.10.23-20.04.40:078][  0]LogConfig: Setting CVar [[r.VolumetricFog.GridPixelSize:8]]
[2020.10.23-20.04.40:078][  0]LogConfig: Setting CVar [[r.VolumetricFog.GridSizeZ:128]]
[2020.10.23-20.04.40:078][  0]LogConfig: Setting CVar [[r.VolumetricFog.HistoryMissSupersampleCount:4]]
[2020.10.23-20.04.40:078][  0]LogConfig: Setting CVar [[r.LightMaxDrawDistanceScale:1]]
[2020.10.23-20.04.40:078][  0]LogConfig: Setting CVar [[r.CapsuleShadows:1]]
[2020.10.23-20.04.40:078][  0]LogConfig: Applying CVar settings from Section [PostProcessQuality@3] File [D:/Developer/vr/FruitNinjaVR/Saved/Config/Windows/Scalability.ini]
[2020.10.23-20.04.40:080][  0]LogConfig: Setting CVar [[r.MotionBlurQuality:0]]
[2020.10.23-20.04.40:080][  0]LogConfig: Setting CVar [[r.AmbientOcclusionMipLevelFactor:0.4]]
[2020.10.23-20.04.40:080][  0]LogConfig: Setting CVar [[r.AmbientOcclusionMaxQuality:100]]
[2020.10.23-20.04.40:080][  0]LogConfig: Setting CVar [[r.AmbientOcclusionLevels:0]]
[2020.10.23-20.04.40:080][  0]LogConfig: Setting CVar [[r.AmbientOcclusionRadiusScale:1.0]]
[2020.10.23-20.04.40:080][  0]LogConfig: Setting CVar [[r.DepthOfFieldQuality:0]]
[2020.10.23-20.04.40:080][  0]LogConfig: Setting CVar [[r.RenderTargetPoolMin:400]]
[2020.10.23-20.04.40:080][  0]LogConfig: Setting CVar [[r.LensFlareQuality:0]]
[2020.10.23-20.04.40:080][  0]LogConfig: Setting CVar [[r.SceneColorFringeQuality:0]]
[2020.10.23-20.04.40:080][  0]LogConfig: Setting CVar [[r.EyeAdaptationQuality:2]]
[2020.10.23-20.04.40:080][  0]LogConfig: Setting CVar [[r.BloomQuality:1]]
[2020.10.23-20.04.40:080][  0]LogConfig: Setting CVar [[r.FastBlurThreshold:0]]
[2020.10.23-20.04.40:080][  0]LogConfig: Setting CVar [[r.Upscale.Quality:3]]
[2020.10.23-20.04.40:080][  0]LogConfig: Setting CVar [[r.Tonemapper.GrainQuantization:1]]
[2020.10.23-20.04.40:080][  0]LogConfig: Setting CVar [[r.LightShaftQuality:1]]
[2020.10.23-20.04.40:080][  0]LogConfig: Setting CVar [[r.Filter.SizeScale:1]]
[2020.10.23-20.04.40:080][  0]LogConfig: Setting CVar [[r.Tonemapper.Quality:5]]
[2020.10.23-20.04.40:080][  0]LogConfig: Setting CVar [[r.DOF.Gather.AccumulatorQuality:1        ; higher gathering accumulator quality]]
[2020.10.23-20.04.40:080][  0]LogConfig: Setting CVar [[r.DOF.Gather.PostfilterMethod:1          ; Median3x3 postfilering method]]
[2020.10.23-20.04.40:080][  0]LogConfig: Setting CVar [[r.DOF.Gather.EnableBokehSettings:0       ; no bokeh simulation when gathering]]
[2020.10.23-20.04.40:080][  0]LogConfig: Setting CVar [[r.DOF.Gather.RingCount:4                 ; medium number of samples when gathering]]
[2020.10.23-20.04.40:080][  0]LogConfig: Setting CVar [[r.DOF.Scatter.ForegroundCompositing:1    ; additive foreground scattering]]
[2020.10.23-20.04.40:080][  0]LogConfig: Setting CVar [[r.DOF.Scatter.BackgroundCompositing:2    ; additive background scattering]]
[2020.10.23-20.04.40:080][  0]LogConfig: Setting CVar [[r.DOF.Scatter.EnableBokehSettings:1      ; bokeh simulation when scattering]]
[2020.10.23-20.04.40:080][  0]LogConfig: Setting CVar [[r.DOF.Scatter.MaxSpriteRatio:0.1         ; only a maximum of 10% of scattered bokeh]]
[2020.10.23-20.04.40:080][  0]LogConfig: Setting CVar [[r.DOF.Recombine.Quality:1                ; cheap slight out of focus]]
[2020.10.23-20.04.40:080][  0]LogConfig: Setting CVar [[r.DOF.Recombine.EnableBokehSettings:0    ; no bokeh simulation on slight out of focus]]
[2020.10.23-20.04.40:080][  0]LogConfig: Setting CVar [[r.DOF.TemporalAAQuality:1                ; more stable temporal accumulation]]
[2020.10.23-20.04.40:080][  0]LogConfig: Setting CVar [[r.DOF.Kernel.MaxForegroundRadius:0.025]]
[2020.10.23-20.04.40:080][  0]LogConfig: Setting CVar [[r.DOF.Kernel.MaxBackgroundRadius:0.025]]
[2020.10.23-20.04.40:080][  0]LogConfig: Applying CVar settings from Section [TextureQuality@3] File [D:/Developer/vr/FruitNinjaVR/Saved/Config/Windows/Scalability.ini]
[2020.10.23-20.04.40:080][  0]LogConfig: Setting CVar [[r.Streaming.MipBias:0]]
[2020.10.23-20.04.40:080][  0]LogConfig: Setting CVar [[r.Streaming.AmortizeCPUToGPUCopy:0]]
[2020.10.23-20.04.40:080][  0]LogConfig: Setting CVar [[r.Streaming.MaxNumTexturesToStreamPerFrame:0]]
[2020.10.23-20.04.40:080][  0]LogConfig: Setting CVar [[r.Streaming.Boost:1]]
[2020.10.23-20.04.40:080][  0]LogConfig: Setting CVar [[r.MaxAnisotropy:8]]
[2020.10.23-20.04.40:080][  0]LogConfig: Setting CVar [[r.VT.MaxAnisotropy:8]]
[2020.10.23-20.04.40:080][  0]LogConfig: Setting CVar [[r.Streaming.LimitPoolSizeToVRAM:0]]
[2020.10.23-20.04.40:080][  0]LogConfig: Setting CVar [[r.Streaming.PoolSize:1000]]
[2020.10.23-20.04.40:080][  0]LogConfig: Setting CVar [[r.Streaming.MaxEffectiveScreenSize:0]]
[2020.10.23-20.04.40:080][  0]LogConfig: Applying CVar settings from Section [EffectsQuality@3] File [D:/Developer/vr/FruitNinjaVR/Saved/Config/Windows/Scalability.ini]
[2020.10.23-20.04.40:080][  0]LogConfig: Setting CVar [[r.TranslucencyLightingVolumeDim:4]]
[2020.10.23-20.04.40:080][  0]LogConfig: Setting CVar [[r.RefractionQuality:2]]
[2020.10.23-20.04.40:080][  0]LogConfig: Setting CVar [[r.SSR.Quality:0]]
[2020.10.23-20.04.40:080][  0]LogConfig: Setting CVar [[r.SSR.HalfResSceneColor:0]]
[2020.10.23-20.04.40:080][  0]LogConfig: Setting CVar [[r.SceneColorFormat:2]]
[2020.10.23-20.04.40:080][  0]LogConfig: Setting CVar [[r.DetailMode:2]]
[2020.10.23-20.04.40:080][  0]LogConfig: Setting CVar [[r.TranslucencyVolumeBlur:0]]
[2020.10.23-20.04.40:080][  0]LogConfig: Setting CVar [[r.MaterialQualityLevel:1 ; High quality]]
[2020.10.23-20.04.40:080][  0]LogConfig: Setting CVar [[r.SSS.Scale:1]]
[2020.10.23-20.04.40:080][  0]LogConfig: Setting CVar [[r.SSS.SampleSet:2]]
[2020.10.23-20.04.40:080][  0]LogConfig: Setting CVar [[r.SSS.Quality:1]]
[2020.10.23-20.04.40:080][  0]LogConfig: Setting CVar [[r.SSS.HalfRes:0]]
[2020.10.23-20.04.40:080][  0]LogConfig: Setting CVar [[r.SSGI.Quality:3]]
[2020.10.23-20.04.40:080][  0]LogConfig: Setting CVar [[r.EmitterSpawnRateScale:1.0]]
[2020.10.23-20.04.40:080][  0]LogConfig: Setting CVar [[r.ParticleLightQuality:2]]
[2020.10.23-20.04.40:080][  0]LogConfig: Setting CVar [[r.SkyAtmosphere.AerialPerspectiveLUT.FastApplyOnOpaque:1 ; Always have FastSkyLUT 1 in this case to avoid wrong sky]]
[2020.10.23-20.04.40:080][  0]LogConfig: Setting CVar [[r.SkyAtmosphere.AerialPerspectiveLUT.SampleCountPerSlice:1]]
[2020.10.23-20.04.40:080][  0]LogConfig: Setting CVar [[r.SkyAtmosphere.AerialPerspectiveLUT.DepthResolution:16.0]]
[2020.10.23-20.04.40:080][  0]LogConfig: Setting CVar [[r.SkyAtmosphere.FastSkyLUT:1]]
[2020.10.23-20.04.40:080][  0]LogConfig: Setting CVar [[r.SkyAtmosphere.FastSkyLUT.SampleCountMin:4.0]]
[2020.10.23-20.04.40:080][  0]LogConfig: Setting CVar [[r.SkyAtmosphere.FastSkyLUT.SampleCountMax:32.0]]
[2020.10.23-20.04.40:080][  0]LogConfig: Setting CVar [[r.SkyAtmosphere.SampleCountMin:4.0]]
[2020.10.23-20.04.40:080][  0]LogConfig: Setting CVar [[r.SkyAtmosphere.SampleCountMax:32.0]]
[2020.10.23-20.04.40:080][  0]LogConfig: Setting CVar [[r.SkyAtmosphere.TransmittanceLUT.UseSmallFormat:0]]
[2020.10.23-20.04.40:080][  0]LogConfig: Setting CVar [[r.SkyAtmosphere.TransmittanceLUT.SampleCount:10.0]]
[2020.10.23-20.04.40:080][  0]LogConfig: Setting CVar [[r.SkyAtmosphere.MultiScatteringLUT.SampleCount:15.0]]
[2020.10.23-20.04.40:080][  0]LogConfig: Applying CVar settings from Section [FoliageQuality@3] File [D:/Developer/vr/FruitNinjaVR/Saved/Config/Windows/Scalability.ini]
[2020.10.23-20.04.40:080][  0]LogConfig: Setting CVar [[foliage.DensityScale:1.0]]
[2020.10.23-20.04.40:080][  0]LogConfig: Setting CVar [[grass.DensityScale:1.0]]
[2020.10.23-20.04.40:080][  0]LogConfig: Applying CVar settings from Section [ShadingQuality@3] File [D:/Developer/vr/FruitNinjaVR/Saved/Config/Windows/Scalability.ini]
[2020.10.23-20.04.40:080][  0]LogConfig: Setting CVar [[r.HairStrands.SkyLighting.SampleCount:16]]
[2020.10.23-20.04.40:080][  0]LogConfig: Setting CVar [[r.HairStrands.SkyLighting.JitterIntegration:0]]
[2020.10.23-20.04.40:080][  0]LogConfig: Setting CVar [[r.HairStrands.SkyAO.SampleCount:16]]
[2020.10.23-20.04.40:080][  0]LogConfig: Setting CVar [[r.HairStrands.DeepShadow.SuperSampling:0]]
[2020.10.23-20.04.40:080][  0]LogConfig: Setting CVar [[r.HairStrands.VisibilityPPLL:0]]
[2020.10.23-20.04.40:080][  0]LogConfig: Setting CVar [[r.HairStrands.RasterizationScale:0.5]]
[2020.10.23-20.04.40:080][  0]LogConfig: Setting CVar [[r.HairStrands.VelocityRasterizationScale:1]]
[2020.10.23-20.04.40:080][  0]LogInit: Selected Device Profile: [Windows]
[2020.10.23-20.04.40:080][  0]LogInit: Applying CVar settings loaded from the selected device profile: [Windows]
[2020.10.23-20.04.40:080][  0]LogHAL: Display: Platform has ~ 32 GB [34286387200 / 34359738368 / 32], which maps to Largest [LargestMinGB=32, LargerMinGB=12, DefaultMinGB=8, SmallerMinGB=6, SmallestMinGB=0)
[2020.10.23-20.04.40:080][  0]LogInit: Going up to parent DeviceProfile []
[2020.10.23-20.04.40:080][  0]LogConfig: Applying CVar settings from Section [ViewDistanceQuality@3] File [D:/Developer/vr/FruitNinjaVR/Saved/Config/Windows/Scalability.ini]
[2020.10.23-20.04.40:080][  0]LogConfig: Setting CVar [[r.SkeletalMeshLODBias:0]]
[2020.10.23-20.04.40:080][  0]LogConfig: Setting CVar [[r.ViewDistanceScale:1.0]]
[2020.10.23-20.04.40:080][  0]LogConfig: Applying CVar settings from Section [AntiAliasingQuality@3] File [D:/Developer/vr/FruitNinjaVR/Saved/Config/Windows/Scalability.ini]
[2020.10.23-20.04.40:080][  0]LogConfig: Setting CVar [[r.PostProcessAAQuality:3]]
[2020.10.23-20.04.40:080][  0]LogConfig: Applying CVar settings from Section [ShadowQuality@3] File [D:/Developer/vr/FruitNinjaVR/Saved/Config/Windows/Scalability.ini]
[2020.10.23-20.04.40:080][  0]LogConfig: Setting CVar [[r.LightFunctionQuality:1]]
[2020.10.23-20.04.40:081][  0]LogConfig: Setting CVar [[r.ShadowQuality:5]]
[2020.10.23-20.04.40:081][  0]LogConfig: Setting CVar [[r.Shadow.CSM.MaxCascades:10]]
[2020.10.23-20.04.40:081][  0]LogConfig: Setting CVar [[r.Shadow.MaxResolution:2048]]
[2020.10.23-20.04.40:081][  0]LogConfig: Setting CVar [[r.Shadow.MaxCSMResolution:2048]]
[2020.10.23-20.04.40:081][  0]LogConfig: Setting CVar [[r.Shadow.RadiusThreshold:0.01]]
[2020.10.23-20.04.40:081][  0]LogConfig: Setting CVar [[r.Shadow.DistanceScale:1.0]]
[2020.10.23-20.04.40:081][  0]LogConfig: Setting CVar [[r.Shadow.CSM.TransitionScale:1.0]]
[2020.10.23-20.04.40:081][  0]LogConfig: Setting CVar [[r.Shadow.PreShadowResolutionFactor:1.0]]
[2020.10.23-20.04.40:081][  0]LogConfig: Setting CVar [[r.DistanceFieldShadowing:1]]
[2020.10.23-20.04.40:081][  0]LogConfig: Setting CVar [[r.DistanceFieldAO:1]]
[2020.10.23-20.04.40:081][  0]LogConfig: Setting CVar [[r.AOQuality:2]]
[2020.10.23-20.04.40:081][  0]LogConfig: Setting CVar [[r.VolumetricFog:1]]
[2020.10.23-20.04.40:081][  0]LogConfig: Setting CVar [[r.VolumetricFog.GridPixelSize:8]]
[2020.10.23-20.04.40:081][  0]LogConfig: Setting CVar [[r.VolumetricFog.GridSizeZ:128]]
[2020.10.23-20.04.40:081][  0]LogConfig: Setting CVar [[r.VolumetricFog.HistoryMissSupersampleCount:4]]
[2020.10.23-20.04.40:081][  0]LogConfig: Setting CVar [[r.LightMaxDrawDistanceScale:1]]
[2020.10.23-20.04.40:081][  0]LogConfig: Setting CVar [[r.CapsuleShadows:1]]
[2020.10.23-20.04.40:081][  0]LogConfig: Applying CVar settings from Section [PostProcessQuality@3] File [D:/Developer/vr/FruitNinjaVR/Saved/Config/Windows/Scalability.ini]
[2020.10.23-20.04.40:081][  0]LogConfig: Setting CVar [[r.MotionBlurQuality:0]]
[2020.10.23-20.04.40:081][  0]LogConfig: Setting CVar [[r.AmbientOcclusionMipLevelFactor:0.4]]
[2020.10.23-20.04.40:081][  0]LogConfig: Setting CVar [[r.AmbientOcclusionMaxQuality:100]]
[2020.10.23-20.04.40:081][  0]LogConfig: Setting CVar [[r.AmbientOcclusionLevels:0]]
[2020.10.23-20.04.40:081][  0]LogConfig: Setting CVar [[r.AmbientOcclusionRadiusScale:1.0]]
[2020.10.23-20.04.40:081][  0]LogConfig: Setting CVar [[r.DepthOfFieldQuality:0]]
[2020.10.23-20.04.40:081][  0]LogConfig: Setting CVar [[r.RenderTargetPoolMin:400]]
[2020.10.23-20.04.40:081][  0]LogConfig: Setting CVar [[r.LensFlareQuality:0]]
[2020.10.23-20.04.40:081][  0]LogConfig: Setting CVar [[r.SceneColorFringeQuality:0]]
[2020.10.23-20.04.40:081][  0]LogConfig: Setting CVar [[r.EyeAdaptationQuality:2]]
[2020.10.23-20.04.40:081][  0]LogConfig: Setting CVar [[r.BloomQuality:1]]
[2020.10.23-20.04.40:081][  0]LogConfig: Setting CVar [[r.FastBlurThreshold:0]]
[2020.10.23-20.04.40:081][  0]LogConfig: Setting CVar [[r.Upscale.Quality:3]]
[2020.10.23-20.04.40:081][  0]LogConfig: Setting CVar [[r.Tonemapper.GrainQuantization:1]]
[2020.10.23-20.04.40:081][  0]LogConfig: Setting CVar [[r.LightShaftQuality:1]]
[2020.10.23-20.04.40:081][  0]LogConfig: Setting CVar [[r.Filter.SizeScale:1]]
[2020.10.23-20.04.40:081][  0]LogConfig: Setting CVar [[r.Tonemapper.Quality:5]]
[2020.10.23-20.04.40:081][  0]LogConfig: Setting CVar [[r.DOF.Gather.AccumulatorQuality:1        ; higher gathering accumulator quality]]
[2020.10.23-20.04.40:081][  0]LogConfig: Setting CVar [[r.DOF.Gather.PostfilterMethod:1          ; Median3x3 postfilering method]]
[2020.10.23-20.04.40:081][  0]LogConfig: Setting CVar [[r.DOF.Gather.EnableBokehSettings:0       ; no bokeh simulation when gathering]]
[2020.10.23-20.04.40:081][  0]LogConfig: Setting CVar [[r.DOF.Gather.RingCount:4                 ; medium number of samples when gathering]]
[2020.10.23-20.04.40:081][  0]LogConfig: Setting CVar [[r.DOF.Scatter.ForegroundCompositing:1    ; additive foreground scattering]]
[2020.10.23-20.04.40:081][  0]LogConfig: Setting CVar [[r.DOF.Scatter.BackgroundCompositing:2    ; additive background scattering]]
[2020.10.23-20.04.40:081][  0]LogConfig: Setting CVar [[r.DOF.Scatter.EnableBokehSettings:1      ; bokeh simulation when scattering]]
[2020.10.23-20.04.40:081][  0]LogConfig: Setting CVar [[r.DOF.Scatter.MaxSpriteRatio:0.1         ; only a maximum of 10% of scattered bokeh]]
[2020.10.23-20.04.40:081][  0]LogConfig: Setting CVar [[r.DOF.Recombine.Quality:1                ; cheap slight out of focus]]
[2020.10.23-20.04.40:081][  0]LogConfig: Setting CVar [[r.DOF.Recombine.EnableBokehSettings:0    ; no bokeh simulation on slight out of focus]]
[2020.10.23-20.04.40:081][  0]LogConfig: Setting CVar [[r.DOF.TemporalAAQuality:1                ; more stable temporal accumulation]]
[2020.10.23-20.04.40:081][  0]LogConfig: Setting CVar [[r.DOF.Kernel.MaxForegroundRadius:0.025]]
[2020.10.23-20.04.40:081][  0]LogConfig: Setting CVar [[r.DOF.Kernel.MaxBackgroundRadius:0.025]]
[2020.10.23-20.04.40:081][  0]LogConfig: Applying CVar settings from Section [TextureQuality@3] File [D:/Developer/vr/FruitNinjaVR/Saved/Config/Windows/Scalability.ini]
[2020.10.23-20.04.40:081][  0]LogConfig: Setting CVar [[r.Streaming.MipBias:0]]
[2020.10.23-20.04.40:081][  0]LogConfig: Setting CVar [[r.Streaming.AmortizeCPUToGPUCopy:0]]
[2020.10.23-20.04.40:081][  0]LogConfig: Setting CVar [[r.Streaming.MaxNumTexturesToStreamPerFrame:0]]
[2020.10.23-20.04.40:081][  0]LogConfig: Setting CVar [[r.Streaming.Boost:1]]
[2020.10.23-20.04.40:081][  0]LogConfig: Setting CVar [[r.MaxAnisotropy:8]]
[2020.10.23-20.04.40:081][  0]LogConfig: Setting CVar [[r.VT.MaxAnisotropy:8]]
[2020.10.23-20.04.40:081][  0]LogConfig: Setting CVar [[r.Streaming.LimitPoolSizeToVRAM:0]]
[2020.10.23-20.04.40:081][  0]LogConfig: Setting CVar [[r.Streaming.PoolSize:1000]]
[2020.10.23-20.04.40:081][  0]LogConfig: Setting CVar [[r.Streaming.MaxEffectiveScreenSize:0]]
[2020.10.23-20.04.40:081][  0]LogConfig: Applying CVar settings from Section [EffectsQuality@3] File [D:/Developer/vr/FruitNinjaVR/Saved/Config/Windows/Scalability.ini]
[2020.10.23-20.04.40:081][  0]LogConfig: Setting CVar [[r.TranslucencyLightingVolumeDim:4]]
[2020.10.23-20.04.40:081][  0]LogConfig: Setting CVar [[r.RefractionQuality:2]]
[2020.10.23-20.04.40:081][  0]LogConfig: Setting CVar [[r.SSR.Quality:0]]
[2020.10.23-20.04.40:081][  0]LogConfig: Setting CVar [[r.SSR.HalfResSceneColor:0]]
[2020.10.23-20.04.40:081][  0]LogConfig: Setting CVar [[r.SceneColorFormat:2]]
[2020.10.23-20.04.40:081][  0]LogConfig: Setting CVar [[r.DetailMode:2]]
[2020.10.23-20.04.40:081][  0]LogConfig: Setting CVar [[r.TranslucencyVolumeBlur:0]]
[2020.10.23-20.04.40:081][  0]LogConfig: Setting CVar [[r.MaterialQualityLevel:1 ; High quality]]
[2020.10.23-20.04.40:081][  0]LogConfig: Setting CVar [[r.SSS.Scale:1]]
[2020.10.23-20.04.40:081][  0]LogConfig: Setting CVar [[r.SSS.SampleSet:2]]
[2020.10.23-20.04.40:081][  0]LogConfig: Setting CVar [[r.SSS.Quality:1]]
[2020.10.23-20.04.40:081][  0]LogConfig: Setting CVar [[r.SSS.HalfRes:0]]
[2020.10.23-20.04.40:081][  0]LogConfig: Setting CVar [[r.SSGI.Quality:3]]
[2020.10.23-20.04.40:081][  0]LogConfig: Setting CVar [[r.EmitterSpawnRateScale:1.0]]
[2020.10.23-20.04.40:081][  0]LogConfig: Setting CVar [[r.ParticleLightQuality:2]]
[2020.10.23-20.04.40:081][  0]LogConfig: Setting CVar [[r.SkyAtmosphere.AerialPerspectiveLUT.FastApplyOnOpaque:1 ; Always have FastSkyLUT 1 in this case to avoid wrong sky]]
[2020.10.23-20.04.40:081][  0]LogConfig: Setting CVar [[r.SkyAtmosphere.AerialPerspectiveLUT.SampleCountPerSlice:1]]
[2020.10.23-20.04.40:081][  0]LogConfig: Setting CVar [[r.SkyAtmosphere.AerialPerspectiveLUT.DepthResolution:16.0]]
[2020.10.23-20.04.40:081][  0]LogConfig: Setting CVar [[r.SkyAtmosphere.FastSkyLUT:1]]
[2020.10.23-20.04.40:081][  0]LogConfig: Setting CVar [[r.SkyAtmosphere.FastSkyLUT.SampleCountMin:4.0]]
[2020.10.23-20.04.40:081][  0]LogConfig: Setting CVar [[r.SkyAtmosphere.FastSkyLUT.SampleCountMax:32.0]]
[2020.10.23-20.04.40:081][  0]LogConfig: Setting CVar [[r.SkyAtmosphere.SampleCountMin:4.0]]
[2020.10.23-20.04.40:081][  0]LogConfig: Setting CVar [[r.SkyAtmosphere.SampleCountMax:32.0]]
[2020.10.23-20.04.40:081][  0]LogConfig: Setting CVar [[r.SkyAtmosphere.TransmittanceLUT.UseSmallFormat:0]]
[2020.10.23-20.04.40:081][  0]LogConfig: Setting CVar [[r.SkyAtmosphere.TransmittanceLUT.SampleCount:10.0]]
[2020.10.23-20.04.40:081][  0]LogConfig: Setting CVar [[r.SkyAtmosphere.MultiScatteringLUT.SampleCount:15.0]]
[2020.10.23-20.04.40:081][  0]LogConfig: Applying CVar settings from Section [FoliageQuality@3] File [D:/Developer/vr/FruitNinjaVR/Saved/Config/Windows/Scalability.ini]
[2020.10.23-20.04.40:081][  0]LogConfig: Setting CVar [[foliage.DensityScale:1.0]]
[2020.10.23-20.04.40:081][  0]LogConfig: Setting CVar [[grass.DensityScale:1.0]]
[2020.10.23-20.04.40:081][  0]LogConfig: Applying CVar settings from Section [ShadingQuality@3] File [D:/Developer/vr/FruitNinjaVR/Saved/Config/Windows/Scalability.ini]
[2020.10.23-20.04.40:081][  0]LogConfig: Setting CVar [[r.HairStrands.SkyLighting.SampleCount:16]]
[2020.10.23-20.04.40:081][  0]LogConfig: Setting CVar [[r.HairStrands.SkyLighting.JitterIntegration:0]]
[2020.10.23-20.04.40:081][  0]LogConfig: Setting CVar [[r.HairStrands.SkyAO.SampleCount:16]]
[2020.10.23-20.04.40:081][  0]LogConfig: Setting CVar [[r.HairStrands.DeepShadow.SuperSampling:0]]
[2020.10.23-20.04.40:081][  0]LogConfig: Setting CVar [[r.HairStrands.VisibilityPPLL:0]]
[2020.10.23-20.04.40:081][  0]LogConfig: Setting CVar [[r.HairStrands.RasterizationScale:0.5]]
[2020.10.23-20.04.40:081][  0]LogConfig: Setting CVar [[r.HairStrands.VelocityRasterizationScale:1]]
[2020.10.23-20.04.40:081][  0]LogConfig: Applying CVar settings from Section [Startup] File [../../../Engine/Config/ConsoleVariables.ini]
[2020.10.23-20.04.40:082][  0]LogConfig: Setting CVar [[net.UseAdaptiveNetUpdateFrequency:0]]
[2020.10.23-20.04.40:082][  0]LogConfig: Setting CVar [[p.chaos.AllowCreatePhysxBodies:1]]
[2020.10.23-20.04.40:082][  0]LogConfig: Setting CVar [[fx.SkipVectorVMBackendOptimizations:1]]
[2020.10.23-20.04.40:082][  0]LogConfig: Applying CVar settings from Section [ConsoleVariables] File [D:/Developer/vr/FruitNinjaVR/Saved/Config/Windows/Engine.ini]
[2020.10.23-20.04.40:082][  0]LogInit: Computer: DESKTOP-OLF7QM3
[2020.10.23-20.04.40:082][  0]LogInit: User: Prudhvi
[2020.10.23-20.04.40:082][  0]LogInit: CPU Page size=4096, Cores=6
[2020.10.23-20.04.40:082][  0]LogInit: High frequency timer resolution =10.000000 MHz
[2020.10.23-20.04.40:082][  0]LogMemory: Memory total: Physical=31.9GB (32GB approx)
[2020.10.23-20.04.40:082][  0]LogMemory: Platform Memory Stats for Windows
[2020.10.23-20.04.40:082][  0]LogMemory: Process Physical Memory: 119.21 MB used, 119.21 MB peak
[2020.10.23-20.04.40:082][  0]LogMemory: Process Virtual Memory: 102.94 MB used, 102.94 MB peak
[2020.10.23-20.04.40:082][  0]LogMemory: Physical Memory: 9082.00 MB used,  23616.04 MB free, 32698.05 MB total
[2020.10.23-20.04.40:082][  0]LogMemory: Virtual Memory: 5213.30 MB used,  134212512.00 MB free, 134217728.00 MB total
[2020.10.23-20.04.40:086][  0]LogWindows: WindowsPlatformFeatures enabled
[2020.10.23-20.04.40:121][  0]LogInit: Physics initialised using underlying interface: PhysX
[2020.10.23-20.04.40:122][  0]LogInit: Using OS detected language (en-US).
[2020.10.23-20.04.40:122][  0]LogInit: Using OS detected locale (en-US).
[2020.10.23-20.04.40:125][  0]LogTextLocalizationManager: No specific localization for 'en-US' exists, so the 'en' localization will be used.
[2020.10.23-20.04.40:266][  0]LogInit: Setting process to per monitor DPI aware
[2020.10.23-20.04.40:293][  0]LogSlate: New Slate User Created.  User Index 0, Is Virtual User: 0
[2020.10.23-20.04.40:293][  0]LogSlate: Slate User Registered.  User Index 0, Is Virtual User: 0
[2020.10.23-20.04.40:396][  0]LogD3D11RHI: D3D11 min allowed feature level: 11_0
[2020.10.23-20.04.40:396][  0]LogD3D11RHI: D3D11 max allowed feature level: 11_0
[2020.10.23-20.04.40:396][  0]LogD3D11RHI: D3D11 adapters:
[2020.10.23-20.04.40:441][  0]LogD3D11RHI:    0. 'NVIDIA GeForce GTX 1080' (Feature Level 11_0)
[2020.10.23-20.04.40:441][  0]LogD3D11RHI:       8079/0/16349 MB DedicatedVideo/DedicatedSystem/SharedSystem, Outputs:1, VendorId:0x10de
[2020.10.23-20.04.40:443][  0]LogD3D11RHI:    1. 'Microsoft Basic Render Driver' (Feature Level 11_0)
[2020.10.23-20.04.40:443][  0]LogD3D11RHI:       0/0/16349 MB DedicatedVideo/DedicatedSystem/SharedSystem, Outputs:0, VendorId:0x1414
[2020.10.23-20.04.40:443][  0]LogD3D11RHI: Chosen D3D11 Adapter: 0
[2020.10.23-20.04.40:449][  0]LogD3D11RHI: Creating new Direct3DDevice
[2020.10.23-20.04.40:449][  0]LogD3D11RHI:     GPU DeviceId: 0x1b80 (for the marketing name, search the web for "GPU Device Id")
[2020.10.23-20.04.40:449][  0]LogWindows: EnumDisplayDevices:
[2020.10.23-20.04.40:449][  0]LogWindows:    0. 'NVIDIA GeForce GTX 1080' (P:1 D:1)
[2020.10.23-20.04.40:450][  0]LogWindows:    1. 'NVIDIA GeForce GTX 1080' (P:0 D:0)
[2020.10.23-20.04.40:450][  0]LogWindows:    2. 'NVIDIA GeForce GTX 1080' (P:0 D:0)
[2020.10.23-20.04.40:450][  0]LogWindows:    3. 'NVIDIA GeForce GTX 1080' (P:0 D:0)
[2020.10.23-20.04.40:450][  0]LogWindows: DebugString: FoundDriverCount:4 
[2020.10.23-20.04.40:450][  0]LogD3D11RHI:     Adapter Name: NVIDIA GeForce GTX 1080
[2020.10.23-20.04.40:450][  0]LogD3D11RHI:   Driver Version: 456.55 (internal:27.21.14.5655, unified:456.55)
[2020.10.23-20.04.40:450][  0]LogD3D11RHI:      Driver Date: 9-24-2020
[2020.10.23-20.04.40:450][  0]LogRHI: Texture pool is 5655 MB (70% of 8079 MB)
[2020.10.23-20.04.40:480][  0]LogD3D11RHI: RHI has support for 64 bit atomics
[2020.10.23-20.04.40:480][  0]LogD3D11RHI: Async texture creation enabled
[2020.10.23-20.04.40:480][  0]LogD3D11RHI: Array index from any shader is supported
[2020.10.23-20.04.40:499][  0]LogD3D11RHI: GPU Timing Frequency: 1000.000000 (Debug: 2 1)
[2020.10.23-20.04.40:721][  0]LogTargetPlatformManager: Display: Loaded TargetPlatform 'AllDesktop'
[2020.10.23-20.04.40:739][  0]LogTargetPlatformManager: Display: Loaded TargetPlatform 'Android'
[2020.10.23-20.04.40:739][  0]LogTargetPlatformManager: Display: Loaded TargetPlatform 'Android_ASTC'
[2020.10.23-20.04.40:739][  0]LogTargetPlatformManager: Display: Loaded TargetPlatform 'Android_DXT'
[2020.10.23-20.04.40:739][  0]LogTargetPlatformManager: Display: Loaded TargetPlatform 'Android_ETC2'
[2020.10.23-20.04.40:739][  0]LogTargetPlatformManager: Display: Loaded TargetPlatform 'AndroidClient'
[2020.10.23-20.04.40:739][  0]LogTargetPlatformManager: Display: Loaded TargetPlatform 'Android_ASTCClient'
[2020.10.23-20.04.40:739][  0]LogTargetPlatformManager: Display: Loaded TargetPlatform 'Android_DXTClient'
[2020.10.23-20.04.40:739][  0]LogTargetPlatformManager: Display: Loaded TargetPlatform 'Android_ETC2Client'
[2020.10.23-20.04.40:739][  0]LogTargetPlatformManager: Display: Loaded TargetPlatform 'Android_Multi'
[2020.10.23-20.04.40:739][  0]LogTargetPlatformManager: Display: Loaded TargetPlatform 'Android_MultiClient'
[2020.10.23-20.04.40:758][  0]LogTargetPlatformManager: Display: Loaded TargetPlatform 'IOSClient'
[2020.10.23-20.04.40:758][  0]LogTargetPlatformManager: Display: Loaded TargetPlatform 'IOS'
[2020.10.23-20.04.40:767][  0]LogTargetPlatformManager: Display: Loaded TargetPlatform 'Linux'
[2020.10.23-20.04.40:774][  0]LogTargetPlatformManager: Display: Loaded TargetPlatform 'LinuxNoEditor'
[2020.10.23-20.04.40:782][  0]LogTargetPlatformManager: Display: Loaded TargetPlatform 'LinuxClient'
[2020.10.23-20.04.40:789][  0]LogTargetPlatformManager: Display: Loaded TargetPlatform 'LinuxServer'
[2020.10.23-20.04.40:797][  0]LogTargetPlatformManager: Display: Loaded TargetPlatform 'LinuxAArch64NoEditor'
[2020.10.23-20.04.40:804][  0]LogTargetPlatformManager: Display: Loaded TargetPlatform 'LinuxAArch64Client'
[2020.10.23-20.04.40:811][  0]LogTargetPlatformManager: Display: Loaded TargetPlatform 'LinuxAArch64Server'
[2020.10.23-20.04.40:831][  0]LogTargetPlatformManager: Display: Loaded TargetPlatform 'Lumin'
[2020.10.23-20.04.40:831][  0]LogTargetPlatformManager: Display: Loaded TargetPlatform 'LuminClient'
[2020.10.23-20.04.40:844][  0]LogTargetPlatformManager: Display: Loaded TargetPlatform 'TVOSClient'
[2020.10.23-20.04.40:844][  0]LogTargetPlatformManager: Display: Loaded TargetPlatform 'TVOS'
[2020.10.23-20.04.40:851][  0]LogTargetPlatformManager: Display: Loaded TargetPlatform 'WindowsNoEditor'
[2020.10.23-20.04.40:859][  0]LogTargetPlatformManager: Display: Loaded TargetPlatform 'Windows'
[2020.10.23-20.04.40:865][  0]LogTargetPlatformManager: Display: Loaded TargetPlatform 'WindowsClient'
[2020.10.23-20.04.40:872][  0]LogTargetPlatformManager: Display: Loaded TargetPlatform 'WindowsServer'
[2020.10.23-20.04.40:872][  0]LogTargetPlatformManager: Display: Building Assets For Windows
[2020.10.23-20.04.40:878][  0]LogAudioDebug: Display: Lib vorbis DLL was dynamically loaded.
[2020.10.23-20.04.40:921][  0]LogShaderCompilers: Guid format shader working directory is 19 characters bigger than the processId version (D:/Developer/vr/FruitNinjaVR/Intermediate/Shaders/WorkingDirectory/19524/).
[2020.10.23-20.04.40:921][  0]LogShaderCompilers: Cleaned the shader compiler working directory 'C:/Users/Prudhvi/AppData/Local/Temp/UnrealShaderWorkingDir/28C753BF4D56058D4449959D1FD5C98F/'.
[2020.10.23-20.04.40:922][  0]LogXGEController: Cannot use XGE Controller as Incredibuild is not installed on this machine.
[2020.10.23-20.04.40:922][  0]LogShaderCompilers: Cannot use XGE Shader Compiler as Incredibuild is not installed on this machine.
[2020.10.23-20.04.40:922][  0]LogShaderCompilers: Display: Using Local Shader Compiler.
[2020.10.23-20.04.41:632][  0]LogDerivedDataCache: Display: Max Cache Size: 512 MB
[2020.10.23-20.04.41:678][  0]LogDerivedDataCache: Loaded boot cache 0.05s 81MB C:/Users/Prudhvi/AppData/Local/UnrealEngine/4.25/DerivedDataCache/Boot.ddc.
[2020.10.23-20.04.41:678][  0]LogDerivedDataCache: Display: Loaded Boot cache: C:/Users/Prudhvi/AppData/Local/UnrealEngine/4.25/DerivedDataCache/Boot.ddc
[2020.10.23-20.04.41:678][  0]LogDerivedDataCache: FDerivedDataBackendGraph:  Pak pak cache file D:/Developer/vr/FruitNinjaVR/DerivedDataCache/DDC.ddp not found, will not use a pak cache.
[2020.10.23-20.04.41:678][  0]LogDerivedDataCache: Unable to find inner node Pak for hierarchical cache Hierarchy.
[2020.10.23-20.04.41:678][  0]LogDerivedDataCache: FDerivedDataBackendGraph:  CompressedPak pak cache file D:/Developer/vr/FruitNinjaVR/DerivedDataCache/Compressed.ddp not found, will not use a pak cache.
[2020.10.23-20.04.41:678][  0]LogDerivedDataCache: Unable to find inner node CompressedPak for hierarchical cache Hierarchy.
[2020.10.23-20.04.41:686][  0]LogDerivedDataCache: Display: Pak cache opened for reading ../../../Engine/DerivedDataCache/Compressed.ddp.
[2020.10.23-20.04.41:686][  0]LogDerivedDataCache: FDerivedDataBackendGraph:  EnterprisePak pak cache file ../../../Enterprise/DerivedDataCache/Compressed.ddp not found, will not use a pak cache.
[2020.10.23-20.04.41:686][  0]LogDerivedDataCache: Unable to find inner node EnterprisePak for hierarchical cache Hierarchy.
[2020.10.23-20.04.41:687][  0]LogDerivedDataCache: Using Local data cache path C:/Users/Prudhvi/AppData/Local/UnrealEngine/Common/DerivedDataCache: Writable
[2020.10.23-20.04.41:687][  0]LogDerivedDataCache: Shared data cache path not found in *engine.ini, will not use an Shared cache.
[2020.10.23-20.04.41:687][  0]LogDerivedDataCache: Unable to find inner node Shared for hierarchical cache Hierarchy.
[2020.10.23-20.04.42:603][  0]LogSlate: Using FreeType 2.10.0
[2020.10.23-20.04.42:603][  0]LogSlate: SlateFontServices - WITH_FREETYPE: 1, WITH_HARFBUZZ: 1
[2020.10.23-20.04.42:624][  0]LogShaderCompilers: Display: Worker (1/9): shaders left to compile 2715
[2020.10.23-20.04.42:624][  0]LogShaderCompilers: Display: Worker (2/9): shaders left to compile 2714
[2020.10.23-20.04.42:624][  0]LogShaderCompilers: Display: Worker (3/9): shaders left to compile 2713
[2020.10.23-20.04.42:624][  0]LogShaderCompilers: Display: Worker (4/9): shaders left to compile 2712
[2020.10.23-20.04.42:624][  0]LogShaderCompilers: Display: Worker (5/9): shaders left to compile 2711
[2020.10.23-20.04.42:624][  0]LogShaderCompilers: Display: Worker (6/9): shaders left to compile 2710
[2020.10.23-20.04.42:624][  0]LogShaderCompilers: Display: Worker (7/9): shaders left to compile 2709
[2020.10.23-20.04.42:624][  0]LogShaderCompilers: Display: Worker (8/9): shaders left to compile 2708
[2020.10.23-20.04.42:624][  0]LogShaderCompilers: Display: Worker (9/9): shaders left to compile 2707
[2020.10.23-20.04.42:624][  0]LogAssetRegistry: FAssetRegistry took 0.0021 seconds to start up
[2020.10.23-20.04.42:927][  0]LogInit: Selected Device Profile: [Windows]
[2020.10.23-20.04.43:016][  0]LogShaderCompilers: Display: Worker (5/9): shaders left to compile 2706
[2020.10.23-20.04.43:016][  0]LogShaderCompilers: Display: Worker (1/9): shaders left to compile 2705
[2020.10.23-20.04.43:016][  0]LogShaderCompilers: Display: Worker (8/9): shaders left to compile 2704
[2020.10.23-20.04.43:016][  0]LogShaderCompilers: Display: Worker (2/9): shaders left to compile 2703
[2020.10.23-20.04.43:016][  0]LogShaderCompilers: Display: Worker (3/9): shaders left to compile 2702
[2020.10.23-20.04.43:016][  0]LogShaderCompilers: Display: Worker (4/9): shaders left to compile 2701
[2020.10.23-20.04.43:016][  0]LogShaderCompilers: Display: Worker (6/9): shaders left to compile 2700
[2020.10.23-20.04.43:016][  0]LogShaderCompilers: Display: Worker (7/9): shaders left to compile 2699
[2020.10.23-20.04.43:016][  0]LogShaderCompilers: Display: Worker (9/9): shaders left to compile 2698
[2020.10.23-20.04.43:016][  0]LogMaterial: Display: Missing cached shader map for material WorldGridMaterial, compiling. Is special engine material.
[2020.10.23-20.04.44:082][  0]LogShaderCompilers: Display: Worker (5/9): shaders left to compile 2697
[2020.10.23-20.04.44:082][  0]LogShaderCompilers: Display: Worker (8/9): shaders left to compile 2696
[2020.10.23-20.04.44:082][  0]LogShaderCompilers: Display: Worker (1/9): shaders left to compile 2695
[2020.10.23-20.04.44:082][  0]LogShaderCompilers: Display: Worker (3/9): shaders left to compile 2694
[2020.10.23-20.04.44:082][  0]LogShaderCompilers: Display: Worker (2/9): shaders left to compile 2693
[2020.10.23-20.04.44:082][  0]LogShaderCompilers: Display: Worker (6/9): shaders left to compile 2692
[2020.10.23-20.04.44:082][  0]LogShaderCompilers: Display: Worker (9/9): shaders left to compile 2691
[2020.10.23-20.04.44:082][  0]LogShaderCompilers: Display: Worker (4/9): shaders left to compile 2690
[2020.10.23-20.04.44:082][  0]LogShaderCompilers: Display: Worker (7/9): shaders left to compile 2689
[2020.10.23-20.04.44:082][  0]LogShaderCompilers: Display: Worker (5/9): shaders left to compile 2688
[2020.10.23-20.04.44:082][  0]LogShaderCompilers: Display: Worker (8/9): shaders left to compile 2687
[2020.10.23-20.04.44:082][  0]LogShaderCompilers: Display: Worker (3/9): shaders left to compile 2686
[2020.10.23-20.04.44:082][  0]LogShaderCompilers: Display: Worker (1/9): shaders left to compile 2685
[2020.10.23-20.04.44:082][  0]LogShaderCompilers: Display: Worker (4/9): shaders left to compile 2684
[2020.10.23-20.04.44:082][  0]LogShaderCompilers: Display: Worker (2/9): shaders left to compile 2683
[2020.10.23-20.04.44:082][  0]LogShaderCompilers: Display: Worker (6/9): shaders left to compile 2682
[2020.10.23-20.04.44:082][  0]LogShaderCompilers: Display: Worker (5/9): shaders left to compile 2681
[2020.10.23-20.04.44:082][  0]LogShaderCompilers: Display: Worker (7/9): shaders left to compile 2680
[2020.10.23-20.04.44:082][  0]LogShaderCompilers: Display: Worker (8/9): shaders left to compile 2679
[2020.10.23-20.04.44:082][  0]LogShaderCompilers: Display: Worker (9/9): shaders left to compile 2678
[2020.10.23-20.04.44:082][  0]LogShaderCompilers: Display: Worker (3/9): shaders left to compile 2677
[2020.10.23-20.04.44:082][  0]LogShaderCompilers: Display: Worker (4/9): shaders left to compile 2676
[2020.10.23-20.04.44:082][  0]LogShaderCompilers: Display: Worker (2/9): shaders left to compile 2675
[2020.10.23-20.04.44:082][  0]LogShaderCompilers: Display: Worker (1/9): shaders left to compile 2674
[2020.10.23-20.04.44:082][  0]LogShaderCompilers: Display: Worker (5/9): shaders left to compile 2673
[2020.10.23-20.04.44:082][  0]LogShaderCompilers: Display: Worker (6/9): shaders left to compile 2672
[2020.10.23-20.04.44:082][  0]LogShaderCompilers: Display: Worker (3/9): shaders left to compile 2671
[2020.10.23-20.04.44:082][  0]LogShaderCompilers: Display: Worker (8/9): shaders left to compile 3549
[2020.10.23-20.04.44:082][  0]LogShaderCompilers: Display: Worker (7/9): shaders left to compile 3548
[2020.10.23-20.04.44:082][  0]LogShaderCompilers: Display: Worker (4/9): shaders left to compile 3547
[2020.10.23-20.04.44:082][  0]LogShaderCompilers: Display: Worker (1/9): shaders left to compile 3546
[2020.10.23-20.04.44:082][  0]LogShaderCompilers: Display: Worker (5/9): shaders left to compile 3545
[2020.10.23-20.04.44:082][  0]LogShaderCompilers: Display: Worker (2/9): shaders left to compile 3544
[2020.10.23-20.04.44:082][  0]LogShaderCompilers: Display: Worker (6/9): shaders left to compile 3543
[2020.10.23-20.04.44:082][  0]LogShaderCompilers: Display: Worker (3/9): shaders left to compile 3542
[2020.10.23-20.04.44:082][  0]LogShaderCompilers: Display: Worker (8/9): shaders left to compile 3541
[2020.10.23-20.04.44:082][  0]LogShaderCompilers: Display: Worker (7/9): shaders left to compile 3540
[2020.10.23-20.04.44:082][  0]LogShaderCompilers: Display: Worker (4/9): shaders left to compile 3539
[2020.10.23-20.04.44:082][  0]LogShaderCompilers: Display: Worker (1/9): shaders left to compile 3538
[2020.10.23-20.04.44:082][  0]LogShaderCompilers: Display: Worker (5/9): shaders left to compile 3537
[2020.10.23-20.04.44:082][  0]LogShaderCompilers: Display: Worker (2/9): shaders left to compile 3536
[2020.10.23-20.04.44:082][  0]LogShaderCompilers: Display: Worker (6/9): shaders left to compile 3535
[2020.10.23-20.04.44:082][  0]LogShaderCompilers: Display: Worker (3/9): shaders left to compile 3534
[2020.10.23-20.04.44:082][  0]LogShaderCompilers: Display: Worker (8/9): shaders left to compile 3533
[2020.10.23-20.04.44:082][  0]LogShaderCompilers: Display: Worker (7/9): shaders left to compile 3532
[2020.10.23-20.04.44:082][  0]LogShaderCompilers: Display: Worker (4/9): shaders left to compile 3531
[2020.10.23-20.04.44:082][  0]LogShaderCompilers: Display: Worker (1/9): shaders left to compile 3530
[2020.10.23-20.04.44:082][  0]LogShaderCompilers: Display: Worker (3/9): shaders left to compile 3529
[2020.10.23-20.04.44:082][  0]LogShaderCompilers: Display: Worker (6/9): shaders left to compile 3528
[2020.10.23-20.04.44:082][  0]LogShaderCompilers: Display: Worker (2/9): shaders left to compile 3527
[2020.10.23-20.04.44:082][  0]LogShaderCompilers: Display: Worker (9/9): shaders left to compile 3526
[2020.10.23-20.04.44:082][  0]LogShaderCompilers: Display: Worker (4/9): shaders left to compile 3525
[2020.10.23-20.04.44:082][  0]LogShaderCompilers: Display: Worker (5/9): shaders left to compile 3524
[2020.10.23-20.04.44:082][  0]LogShaderCompilers: Display: Worker (7/9): shaders left to compile 3523
[2020.10.23-20.04.44:082][  0]LogShaderCompilers: Display: Worker (1/9): shaders left to compile 3522
[2020.10.23-20.04.44:082][  0]LogShaderCompilers: Display: Worker (8/9): shaders left to compile 3521
[2020.10.23-20.04.44:082][  0]LogShaderCompilers: Display: Worker (3/9): shaders left to compile 3520
[2020.10.23-20.04.44:082][  0]LogShaderCompilers: Display: Worker (6/9): shaders left to compile 3519
[2020.10.23-20.04.44:082][  0]LogShaderCompilers: Display: Worker (2/9): shaders left to compile 3518
[2020.10.23-20.04.44:082][  0]LogShaderCompilers: Display: Worker (4/9): shaders left to compile 3517
[2020.10.23-20.04.44:082][  0]LogShaderCompilers: Display: Worker (9/9): shaders left to compile 3516
[2020.10.23-20.04.44:082][  0]LogShaderCompilers: Display: Worker (5/9): shaders left to compile 3515
[2020.10.23-20.04.44:082][  0]LogShaderCompilers: Display: Worker (7/9): shaders left to compile 3514
[2020.10.23-20.04.44:082][  0]LogShaderCompilers: Display: Worker (8/9): shaders left to compile 3513
[2020.10.23-20.04.44:082][  0]LogShaderCompilers: Display: Worker (1/9): shaders left to compile 3512
[2020.10.23-20.04.44:082][  0]LogShaderCompilers: Display: Worker (2/9): shaders left to compile 3511
[2020.10.23-20.04.44:082][  0]LogShaderCompilers: Display: Worker (3/9): shaders left to compile 3510
[2020.10.23-20.04.44:082][  0]LogShaderCompilers: Display: Worker (4/9): shaders left to compile 3509
[2020.10.23-20.04.44:082][  0]LogShaderCompilers: Display: Worker (6/9): shaders left to compile 3508
[2020.10.23-20.04.44:082][  0]LogShaderCompilers: Display: Worker (9/9): shaders left to compile 3507
[2020.10.23-20.04.44:622][  0]LogShaderCompilers: Display: Worker (5/9): shaders left to compile 3506
[2020.10.23-20.04.44:622][  0]LogShaderCompilers: Display: Worker (7/9): shaders left to compile 3505
[2020.10.23-20.04.44:622][  0]LogShaderCompilers: Display: Worker (8/9): shaders left to compile 3504
[2020.10.23-20.04.44:622][  0]LogShaderCompilers: Display: Worker (1/9): shaders left to compile 3503
[2020.10.23-20.04.44:622][  0]LogShaderCompilers: Display: Worker (4/9): shaders left to compile 3502
[2020.10.23-20.04.44:622][  0]LogShaderCompilers: Display: Worker (3/9): shaders left to compile 3501
[2020.10.23-20.04.44:622][  0]LogShaderCompilers: Display: Worker (5/9): shaders left to compile 3500
[2020.10.23-20.04.44:622][  0]LogShaderCompilers: Display: Worker (6/9): shaders left to compile 3499
[2020.10.23-20.04.44:622][  0]LogShaderCompilers: Display: Worker (9/9): shaders left to compile 3498
[2020.10.23-20.04.44:622][  0]LogShaderCompilers: Display: Worker (7/9): shaders left to compile 3497
[2020.10.23-20.04.44:622][  0]LogShaderCompilers: Display: Worker (2/9): shaders left to compile 3496
[2020.10.23-20.04.44:622][  0]LogShaderCompilers: Display: Worker (3/9): shaders left to compile 3495
[2020.10.23-20.04.44:622][  0]LogShaderCompilers: Display: Worker (5/9): shaders left to compile 3494
[2020.10.23-20.04.44:622][  0]LogShaderCompilers: Display: Worker (6/9): shaders left to compile 3493
[2020.10.23-20.04.44:622][  0]LogShaderCompilers: Display: Worker (9/9): shaders left to compile 3492
[2020.10.23-20.04.44:622][  0]LogShaderCompilers: Display: Worker (4/9): shaders left to compile 3491
[2020.10.23-20.04.44:622][  0]LogShaderCompilers: Display: Worker (1/9): shaders left to compile 3490
[2020.10.23-20.04.44:622][  0]LogShaderCompilers: Display: Worker (5/9): shaders left to compile 3489
[2020.10.23-20.04.44:622][  0]LogShaderCompilers: Display: Worker (6/9): shaders left to compile 3488
[2020.10.23-20.04.44:622][  0]LogShaderCompilers: Display: Worker (9/9): shaders left to compile 3487
[2020.10.23-20.04.45:159][  0]LogShaderCompilers: Display: Worker (4/9): shaders left to compile 3486
[2020.10.23-20.04.45:159][  0]LogShaderCompilers: Display: Worker (8/9): shaders left to compile 3485
[2020.10.23-20.04.45:159][  0]LogShaderCompilers: Display: Worker (5/9): shaders left to compile 3484
[2020.10.23-20.04.45:159][  0]LogShaderCompilers: Display: Worker (1/9): shaders left to compile 3483
[2020.10.23-20.04.45:159][  0]LogShaderCompilers: Display: Worker (6/9): shaders left to compile 3482
[2020.10.23-20.04.45:159][  0]LogShaderCompilers: Display: Worker (9/9): shaders left to compile 3481
[2020.10.23-20.04.45:159][  0]LogShaderCompilers: Display: Worker (8/9): shaders left to compile 3480
[2020.10.23-20.04.45:159][  0]LogShaderCompilers: Display: Worker (5/9): shaders left to compile 3479
[2020.10.23-20.04.45:159][  0]LogShaderCompilers: Display: Worker (1/9): shaders left to compile 3478
[2020.10.23-20.04.45:159][  0]LogShaderCompilers: Display: Worker (4/9): shaders left to compile 3477
[2020.10.23-20.04.45:159][  0]LogShaderCompilers: Display: Worker (6/9): shaders left to compile 3476
[2020.10.23-20.04.45:159][  0]LogShaderCompilers: Display: Worker (9/9): shaders left to compile 3475
[2020.10.23-20.04.45:159][  0]LogShaderCompilers: Display: Worker (1/9): shaders left to compile 3474
[2020.10.23-20.04.45:159][  0]LogShaderCompilers: Display: Worker (8/9): shaders left to compile 3473
[2020.10.23-20.04.45:159][  0]LogShaderCompilers: Display: Worker (6/9): shaders left to compile 3472
[2020.10.23-20.04.45:159][  0]LogShaderCompilers: Display: Worker (1/9): shaders left to compile 3471
[2020.10.23-20.04.45:159][  0]LogShaderCompilers: Display: Worker (9/9): shaders left to compile 3470
[2020.10.23-20.04.45:159][  0]LogShaderCompilers: Display: Worker (4/9): shaders left to compile 3469
[2020.10.23-20.04.45:159][  0]LogShaderCompilers: Display: Worker (5/9): shaders left to compile 3468
[2020.10.23-20.04.45:159][  0]LogShaderCompilers: Display: Worker (8/9): shaders left to compile 3467
[2020.10.23-20.04.45:159][  0]LogShaderCompilers: Display: Worker (6/9): shaders left to compile 3466
[2020.10.23-20.04.45:159][  0]LogShaderCompilers: Display: Worker (9/9): shaders left to compile 3465
[2020.10.23-20.04.45:159][  0]LogShaderCompilers: Display: Worker (1/9): shaders left to compile 3464
[2020.10.23-20.04.45:159][  0]LogShaderCompilers: Display: Worker (4/9): shaders left to compile 3463
[2020.10.23-20.04.45:159][  0]LogShaderCompilers: Display: Worker (5/9): shaders left to compile 3462
[2020.10.23-20.04.45:159][  0]LogShaderCompilers: Display: Worker (8/9): shaders left to compile 3461
[2020.10.23-20.04.45:694][  0]LogShaderCompilers: Display: Worker (6/9): shaders left to compile 3460
[2020.10.23-20.04.45:694][  0]LogShaderCompilers: Display: Worker (9/9): shaders left to compile 3459
[2020.10.23-20.04.45:694][  0]LogShaderCompilers: Display: Worker (8/9): shaders left to compile 3458
[2020.10.23-20.04.45:694][  0]LogShaderCompilers: Display: Worker (3/9): shaders left to compile 3457
[2020.10.23-20.04.45:694][  0]LogShaderCompilers: Display: Worker (1/9): shaders left to compile 3456
[2020.10.23-20.04.45:694][  0]LogShaderCompilers: Display: Worker (4/9): shaders left to compile 3455
[2020.10.23-20.04.45:694][  0]LogShaderCompilers: Display: Worker (5/9): shaders left to compile 3454
[2020.10.23-20.04.45:694][  0]LogShaderCompilers: Display: Worker (9/9): shaders left to compile 3453
[2020.10.23-20.04.45:694][  0]LogShaderCompilers: Display: Worker (6/9): shaders left to compile 3452
[2020.10.23-20.04.45:694][  0]LogShaderCompilers: Display: Worker (3/9): shaders left to compile 3451
[2020.10.23-20.04.45:694][  0]LogShaderCompilers: Display: Worker (8/9): shaders left to compile 3450
[2020.10.23-20.04.45:694][  0]LogShaderCompilers: Display: Worker (1/9): shaders left to compile 3449
[2020.10.23-20.04.45:694][  0]LogShaderCompilers: Display: Worker (4/9): shaders left to compile 3448
[2020.10.23-20.04.45:694][  0]LogShaderCompilers: Display: Worker (5/9): shaders left to compile 3447
[2020.10.23-20.04.45:694][  0]LogShaderCompilers: Display: Worker (6/9): shaders left to compile 3446
[2020.10.23-20.04.45:694][  0]LogShaderCompilers: Display: Worker (9/9): shaders left to compile 3445
[2020.10.23-20.04.45:694][  0]LogShaderCompilers: Display: Worker (3/9): shaders left to compile 3444
[2020.10.23-20.04.45:694][  0]LogShaderCompilers: Display: Worker (8/9): shaders left to compile 3443
[2020.10.23-20.04.45:694][  0]LogShaderCompilers: Display: Worker (1/9): shaders left to compile 3442
[2020.10.23-20.04.45:694][  0]LogShaderCompilers: Display: Worker (5/9): shaders left to compile 3441
[2020.10.23-20.04.45:694][  0]LogShaderCompilers: Display: Worker (4/9): shaders left to compile 3440
[2020.10.23-20.04.45:694][  0]LogShaderCompilers: Display: Worker (9/9): shaders left to compile 3439
[2020.10.23-20.04.45:694][  0]LogShaderCompilers: Display: Worker (6/9): shaders left to compile 3438
[2020.10.23-20.04.45:694][  0]LogShaderCompilers: Display: Worker (3/9): shaders left to compile 3437
[2020.10.23-20.04.45:694][  0]LogShaderCompilers: Display: Worker (8/9): shaders left to compile 3436
[2020.10.23-20.04.45:694][  0]LogShaderCompilers: Display: Worker (2/9): shaders left to compile 3435
[2020.10.23-20.04.45:694][  0]LogShaderCompilers: Display: Worker (1/9): shaders left to compile 3434
[2020.10.23-20.04.45:694][  0]LogShaderCompilers: Display: Worker (5/9): shaders left to compile 3433
[2020.10.23-20.04.45:694][  0]LogShaderCompilers: Display: Worker (4/9): shaders left to compile 3432
[2020.10.23-20.04.45:694][  0]LogShaderCompilers: Display: Worker (9/9): shaders left to compile 3431
[2020.10.23-20.04.45:694][  0]LogShaderCompilers: Display: Worker (6/9): shaders left to compile 3430
[2020.10.23-20.04.45:694][  0]LogShaderCompilers: Display: Worker (3/9): shaders left to compile 3429
[2020.10.23-20.04.46:225][  0]LogShaderCompilers: Display: Worker (5/9): shaders left to compile 3428
[2020.10.23-20.04.46:225][  0]LogShaderCompilers: Display: Worker (4/9): shaders left to compile 3427
[2020.10.23-20.04.46:225][  0]LogShaderCompilers: Display: Worker (1/9): shaders left to compile 3426
[2020.10.23-20.04.46:758][  0]LogShaderCompilers: Display: Worker (6/9): shaders left to compile 3425
[2020.10.23-20.04.46:758][  0]LogShaderCompilers: Display: Worker (9/9): shaders left to compile 3424
[2020.10.23-20.04.46:758][  0]LogShaderCompilers: Display: Worker (2/9): shaders left to compile 3423
[2020.10.23-20.04.46:758][  0]LogShaderCompilers: Display: Worker (3/9): shaders left to compile 3422
[2020.10.23-20.04.46:758][  0]LogShaderCompilers: Display: Worker (5/9): shaders left to compile 3421
[2020.10.23-20.04.46:758][  0]LogShaderCompilers: Display: Worker (8/9): shaders left to compile 3420
[2020.10.23-20.04.46:758][  0]LogShaderCompilers: Display: Worker (4/9): shaders left to compile 3419
[2020.10.23-20.04.47:289][  0]LogShaderCompilers: Display: Worker (1/9): shaders left to compile 3418
[2020.10.23-20.04.47:825][  0]LogShaderCompilers: Display: Worker (6/9): shaders left to compile 3417
[2020.10.23-20.04.47:825][  0]LogShaderCompilers: Display: Worker (9/9): shaders left to compile 3416
[2020.10.23-20.04.47:825][  0]LogShaderCompilers: Display: Worker (2/9): shaders left to compile 3415
[2020.10.23-20.04.47:825][  0]LogShaderCompilers: Display: Worker (3/9): shaders left to compile 3414
[2020.10.23-20.04.47:825][  0]LogShaderCompilers: Display: Worker (5/9): shaders left to compile 3413
[2020.10.23-20.04.47:825][  0]LogShaderCompilers: Display: Worker (8/9): shaders left to compile 3412
[2020.10.23-20.04.47:825][  0]LogShaderCompilers: Display: Worker (4/9): shaders left to compile 3411
[2020.10.23-20.04.47:825][  0]LogShaderCompilers: Display: Worker (1/9): shaders left to compile 3410
[2020.10.23-20.04.48:380][  0]LogShaderCompilers: Display: Worker (6/9): shaders left to compile 3409
[2020.10.23-20.04.48:380][  0]LogShaderCompilers: Display: Worker (9/9): shaders left to compile 3408
[2020.10.23-20.04.48:380][  0]LogShaderCompilers: Display: Worker (2/9): shaders left to compile 3407
[2020.10.23-20.04.48:926][  0]LogShaderCompilers: Display: Worker (3/9): shaders left to compile 3406
[2020.10.23-20.04.49:446][  0]LogShaderCompilers: Display: Worker (5/9): shaders left to compile 3405
[2020.10.23-20.04.49:990][  0]LogShaderCompilers: Display: Worker (8/9): shaders left to compile 3404
[2020.10.23-20.04.49:990][  0]LogShaderCompilers: Display: Worker (4/9): shaders left to compile 3403
[2020.10.23-20.04.50:537][  0]LogShaderCompilers: Display: Worker (1/9): shaders left to compile 3402
[2020.10.23-20.04.51:601][  0]LogShaderCompilers: Display: Worker (6/9): shaders left to compile 3401
[2020.10.23-20.04.52:128][  0]LogShaderCompilers: Display: Worker (9/9): shaders left to compile 3400
[2020.10.23-20.04.52:128][  0]LogShaderCompilers: Display: Worker (7/9): shaders left to compile 3399
[2020.10.23-20.04.52:128][  0]LogShaderCompilers: Display: Worker (2/9): shaders left to compile 3398
[2020.10.23-20.04.53:201][  0]LogShaderCompilers: Display: Worker (7/9): shaders left to compile 3397
[2020.10.23-20.04.53:201][  0]LogShaderCompilers: Display: Worker (3/9): shaders left to compile 3396
[2020.10.23-20.04.53:735][  0]LogShaderCompilers: Display: Worker (2/9): shaders left to compile 3395
[2020.10.23-20.04.54:290][  0]LogShaderCompilers: Display: Worker (3/9): shaders left to compile 3394
[2020.10.23-20.04.54:290][  0]LogShaderCompilers: Display: Worker (7/9): shaders left to compile 3393
